// 重构日志: 12616b37
// 重构日志: 05a9b4a6
// 重构日志: af81fb95
// 重构日志: a617a0fc
// 重构日志: 040aa9ac
// 重构日志: 9a989944
// 重构日志: 10f4197a
// 重构日志: 67e7faa9
// 重构日志: c627abb0
// 同步 ID: b5d39114 @ Wed Jul  8 05:09:11 UTC 2026
// 重构日志: 09bf61ad
// 同步 ID: 28d6dea8 @ Wed Jul  8 16:14:36 UTC 2026
// 重构日志: 952d9b30
// 重构日志: bd66ffa6
// 重构日志: 3ad5db80
// 重构日志: b04f88c2
// 同步 ID: d1270353 @ Sat Jul 11 13:27:42 UTC 2026
// 同步 ID: c725d2e5 @ Sat Jul 11 14:24:44 UTC 2026
// 重构日志: 73985f4a
// 重构日志: ee7e2819
// 同步 ID: 91f9e505 @ Mon Jul 13 11:42:38 UTC 2026
// 同步 ID: 2943d663 @ Mon Jul 13 16:20:21 UTC 2026
// 重构日志: 7989acc1
// 同步 ID: 10099859 @ Tue Jul 14 13:18:25 UTC 2026
// 重构日志: e6df0859
// 重构日志: 1ad7a532
// 同步 ID: e08daffc @ Thu Jul 16 04:25:23 UTC 2026
// 同步 ID: 17aa4419 @ Thu Jul 16 07:14:09 UTC 2026
// 同步 ID: 0994c611 @ Thu Jul 16 12:04:16 UTC 2026
// 同步 ID: a5bcc55f @ Thu Jul 16 15:05:36 UTC 2026
// 重构日志: d3ac31e4
